apk-api-service/app/build/intermediates/manifest_merge_blame_file/debug/manifest-merger-blame-debug-report.txt
1<?xml version="1.0" encoding="utf-8"?>
2<manifest xmlns:android="http://schemas.android.com/apk/res/android"
3    package="com.example.apkapiservice"
4    android:versionCode="1"
5    android:versionName="1.0" >
6
7    <uses-sdk
8        android:minSdkVersion="19"
8-->src/main/AndroidManifest.xml
9        android:targetSdkVersion="30" />
9-->src/main/AndroidManifest.xml
10
11    <!-- 网络权限 -->
12    <uses-permission android:name="android.permission.INTERNET" />
12-->src/main/AndroidManifest.xml:6:5-67
12-->src/main/AndroidManifest.xml:6:22-64
13    <uses-permission android:name="android.permission.ACCESS_NETWORK_STATE" />
13-->src/main/AndroidManifest.xml:7:5-79
13-->src/main/AndroidManifest.xml:7:22-76
14    <uses-permission android:name="android.permission.ACCESS_WIFI_STATE" />
14-->src/main/AndroidManifest.xml:8:5-76
14-->src/main/AndroidManifest.xml:8:22-73
15
16    <!-- 串口通信权限 -->
17    <uses-permission android:name="android.permission.READ_EXTERNAL_STORAGE" />
17-->src/main/AndroidManifest.xml:11:5-80
17-->src/main/AndroidManifest.xml:11:22-77
18    <uses-permission android:name="android.permission.WRITE_EXTERNAL_STORAGE" />
18-->src/main/AndroidManifest.xml:12:5-81
18-->src/main/AndroidManifest.xml:12:22-78
19
20    <!-- 蓝牙相关权限 -->
21    <uses-permission android:name="android.permission.BLUETOOTH" />
21-->src/main/AndroidManifest.xml:15:5-68
21-->src/main/AndroidManifest.xml:15:22-65
22    <uses-permission android:name="android.permission.BLUETOOTH_ADMIN" />
22-->src/main/AndroidManifest.xml:16:5-74
22-->src/main/AndroidManifest.xml:16:22-71
23
24    <!-- 前台服务权限（Android 8.0及以上需要） -->
25    <uses-permission android:name="android.permission.FOREGROUND_SERVICE" />
25-->src/main/AndroidManifest.xml:19:5-77
25-->src/main/AndroidManifest.xml:19:22-74
26
27    <!-- 保持CPU运行权限 -->
28    <uses-permission android:name="android.permission.WAKE_LOCK" />
28-->src/main/AndroidManifest.xml:22:5-68
28-->src/main/AndroidManifest.xml:22:22-65
29
30    <application
30-->src/main/AndroidManifest.xml:24:5-45:19
31        android:allowBackup="true"
31-->src/main/AndroidManifest.xml:25:9-35
32        android:appComponentFactory="androidx.core.app.CoreComponentFactory"
32-->[androidx.core:core:1.5.0] AndroidManifest.xml:24:18-86
33        android:debuggable="true"
34        android:icon="@mipmap/ic_launcher"
34-->src/main/AndroidManifest.xml:26:9-43
35        android:label="@string/app_name"
35-->src/main/AndroidManifest.xml:27:9-41
36        android:networkSecurityConfig="@xml/network_security_config"
36-->src/main/AndroidManifest.xml:30:9-69
37        android:roundIcon="@mipmap/ic_launcher_round"
37-->src/main/AndroidManifest.xml:28:9-54
38        android:supportsRtl="true"
38-->src/main/AndroidManifest.xml:29:9-35
39        android:theme="@style/Theme.ApkApiService"
39-->src/main/AndroidManifest.xml:32:9-51
40        android:usesCleartextTraffic="true" >
40-->src/main/AndroidManifest.xml:31:9-44
41        <activity android:name="com.example.apkapiservice.MainActivity" >
41-->src/main/AndroidManifest.xml:34:9-39:20
41-->src/main/AndroidManifest.xml:34:19-47
42            <intent-filter>
42-->src/main/AndroidManifest.xml:35:13-38:29
43                <action android:name="android.intent.action.MAIN" />
43-->src/main/AndroidManifest.xml:36:17-69
43-->src/main/AndroidManifest.xml:36:25-66
44
45                <category android:name="android.intent.category.LAUNCHER" />
45-->src/main/AndroidManifest.xml:37:17-77
45-->src/main/AndroidManifest.xml:37:27-74
46            </intent-filter>
47        </activity>
48
49        <service
49-->src/main/AndroidManifest.xml:41:9-44:40
50            android:name="com.example.apkapiservice.service.ApiService"
50-->src/main/AndroidManifest.xml:42:13-47
51            android:enabled="true"
51-->src/main/AndroidManifest.xml:43:13-35
52            android:exported="false" />
52-->src/main/AndroidManifest.xml:44:13-37
53    </application>
54
55</manifest>